May 28, 2024 11:48:27 AM webserver.WebServerUI startWebServer
INFO: Server started at port: 8080
May 28, 2024 11:48:56 AM webserver.WebServerUI startWebServer
INFO: Server started at port: 8080
May 28, 2024 11:48:58 AM webserver.WebServerUI stopWebServer
INFO: Server stopped.
May 28, 2024 11:49:31 AM webserver.WebServerUI startWebServer
INFO: Server started at port: 8080
May 28, 2024 11:51:54 AM webserver.WebServerUI stopWebServer
INFO: Server stopped.
May 30, 2024 8:27:55 AM webserver.WebServerUI startWebServer
INFO: Server started at port: 8080
May 30, 2024 8:28:00 AM webserver.WebServerUI stopWebServer
INFO: Server stopped.
May 30, 2024 8:28:18 AM webserver.WebServerUI startWebServer
INFO: Server started at port: 1234
May 30, 2024 8:29:44 AM webserver.WebServerUI stopWebServer
INFO: Server stopped.
May 30, 2024 8:58:41 AM webserver.WebServerUI startWebServer
INFO: Server started at port: 1234
May 30, 2024 10:49:38 AM webserver.WebServerUI startWebServer
INFO: Server started at port: 8080
May 30, 2024 10:54:48 AM webserver.WebServerUI stopWebServer
INFO: Server stopped.
May 30, 2024 10:54:55 AM webserver.WebServerUI startWebServer
INFO: Server started at port: 1234
May 30, 2024 10:59:24 AM webserver.WebServerUI stopWebServer
INFO: Server stopped.
May 30, 2024 10:59:51 AM webserver.WebServerUI startWebServer
INFO: Server started at port: 1234
May 30, 2024 11:11:13 AM webserver.WebServerUI startWebServer
INFO: Server started at port: 1234
May 30, 2024 11:36:07 AM webserver.WebServerUI stopWebServer
INFO: Server stopped.
May 30, 2024 11:49:33 AM webserver.WebServerUI startWebServer
INFO: Server started at port: 1234
May 31, 2024 4:10:57 PM webserver.WebServerUI startWebServer
INFO: Server started at port: 1234
May 31, 2024 4:17:39 PM webserver.WebServerUI stopWebServer
INFO: Server stopped.
May 31, 2024 4:17:58 PM webserver.WebServerUI startWebServer
INFO: Server started at port: 1234
May 31, 2024 4:21:16 PM webserver.WebServerUI stopWebServer
INFO: Server stopped.
May 31, 2024 4:21:19 PM webserver.WebServerUI startWebServer
INFO: Server started at port: 1234
May 31, 2024 4:21:27 PM webserver.WebServerUI stopWebServer
INFO: Server stopped.
May 31, 2024 4:21:29 PM webserver.WebServerUI startWebServer
INFO: Server started at port: 8080
May 31, 2024 4:30:52 PM webserver.WebServerUI stopWebServer
INFO: Server stopped.
May 31, 2024 4:31:23 PM webserver.WebServerUI startWebServer
INFO: Server started at port: 8080
Jun 03, 2024 9:42:12 PM webserver.WebServerUI startWebServer
INFO: Server started at port: 8080
Jun 03, 2024 9:49:10 PM webserver.WebServerUI stopWebServer
INFO: Server stopped.
Jun 03, 2024 9:53:24 PM webserver.WebServerUI startWebServer
INFO: Server started at port: 1234
Jun 03, 2024 9:54:47 PM webserver.WebServerUI stopWebServer
INFO: Server stopped.
Jun 03, 2024 9:55:23 PM webserver.WebServerUI startWebServer
INFO: Server started at port: 8080
Jun 03, 2024 9:57:45 PM webserver.WebServerUI stopWebServer
INFO: Server stopped.
Jun 03, 2024 10:00:14 PM webserver.WebServerUI startWebServer
INFO: Server started at port: 8080
Jun 03, 2024 10:01:31 PM webserver.WebServerUI stopWebServer
INFO: Server stopped.
Jun 03, 2024 10:01:33 PM webserver.WebServerUI startWebServer
INFO: Server started at port: 8080
Jun 03, 2024 10:01:47 PM webserver.WebServerUI stopWebServer
INFO: Server stopped.
Jun 03, 2024 10:01:52 PM webserver.WebServerUI startWebServer
INFO: Server started at port: 1234
Jun 03, 2024 10:02:09 PM webserver.WebServerUI stopWebServer
INFO: Server stopped.
Jun 03, 2024 10:02:59 PM webserver.WebServerUI startWebServer
INFO: Server started at port: 1234
Jun 03, 2024 10:05:34 PM webserver.WebServerUI stopWebServer
INFO: Server stopped.
Jun 05, 2024 8:34:09 AM webserver.WebServerUI startWebServer
INFO: Server started at port: 1234
Jun 05, 2024 8:34:36 AM webserver.WebServerUI stopWebServer
INFO: Server stopped.
Jun 26, 2024 5:13:31 PM webserver.WebServerUI startWebServer
INFO: Server started at port: 1234
